[debug] ----------------------------------------------------------------------
[debug] Command:      C:\Program Files (x86)\nodejs\node.exe C:\Users\Nils\AppData\Roaming\npm\node_modules\firebase-tools\bin\firebase deploy
[debug] CLI Version:  3.0.7
[debug] Platform:     win32
[debug] Node Version: v6.5.0
[debug] Time:         Sun Sep 11 2016 01:04:03 GMT+0200 (Mitteleurop채ische Sommerzeit)
[debug] ----------------------------------------------------------------------
[debug] 
[debug] > command requires scopes: ["email","openid","https://www.googleapis.com/auth/cloudplatformprojects.readonly","https://www.googleapis.com/auth/firebase"]
[debug] >>> HTTP REQUEST GET https://admin.firebase.com/v1/projects/marathon-tracker-ea686 
[debug] Error: connect ENOBUFS 104.197.85.31:443 - Local (undefined:undefined)
    at Object.exports._errnoException (util.js:1026:11)
    at exports._exceptionWithHostPort (util.js:1049:20)
    at connect (net.js:875:16)
    at net.js:1004:7
    at GetAddrInfoReqWrap.asyncCallback [as callback] (dns.js:62:16)
    at GetAddrInfoReqWrap.onlookup [as oncomplete] (dns.js:81:10)
[error] 
[error] Error: Server Error. connect ENOBUFS 104.197.85.31:443 - Local (undefined:undefined)
[debug] ----------------------------------------------------------------------
[debug] Command:      C:\Program Files (x86)\nodejs\node.exe C:\Users\Nils\AppData\Roaming\npm\node_modules\firebase-tools\bin\firebase deploy
[debug] CLI Version:  3.0.7
[debug] Platform:     win32
[debug] Node Version: v6.5.0
[debug] Time:         Sun Sep 11 2016 01:04:16 GMT+0200 (Mitteleurop채ische Sommerzeit)
[debug] ----------------------------------------------------------------------
[debug] 
[debug] > command requires scopes: ["email","openid","https://www.googleapis.com/auth/cloudplatformprojects.readonly","https://www.googleapis.com/auth/firebase"]
[debug] >>> HTTP REQUEST GET https://admin.firebase.com/v1/projects/marathon-tracker-ea686 
[debug] Error: connect ENOBUFS 104.197.85.31:443 - Local (undefined:undefined)
    at Object.exports._errnoException (util.js:1026:11)
    at exports._exceptionWithHostPort (util.js:1049:20)
    at connect (net.js:875:16)
    at net.js:1004:7
    at GetAddrInfoReqWrap.asyncCallback [as callback] (dns.js:62:16)
    at GetAddrInfoReqWrap.onlookup [as oncomplete] (dns.js:81:10)
[error] 
[error] Error: Server Error. connect ENOBUFS 104.197.85.31:443 - Local (undefined:undefined)
[debug] ----------------------------------------------------------------------
[debug] Command:      C:\Program Files (x86)\nodejs\node.exe C:\Users\Nils\AppData\Roaming\npm\node_modules\firebase-tools\bin\firebase deploy
[debug] CLI Version:  3.0.7
[debug] Platform:     win32
[debug] Node Version: v6.5.0
[debug] Time:         Sun Sep 11 2016 01:04:27 GMT+0200 (Mitteleurop채ische Sommerzeit)
[debug] ----------------------------------------------------------------------
[debug] 
[debug] > command requires scopes: ["email","openid","https://www.googleapis.com/auth/cloudplatformprojects.readonly","https://www.googleapis.com/auth/firebase"]
[debug] >>> HTTP REQUEST GET https://admin.firebase.com/v1/projects/marathon-tracker-ea686 
[debug] <<< HTTP RESPONSE 200
[debug] >>> HTTP REQUEST GET https://admin.firebase.com/v1/database/marathon-tracker-ea686/tokens 
[debug] <<< HTTP RESPONSE 200
[info] 
[info] === Deploying to 'marathon-tracker-ea686'...
[info] 
[info] i  deploying database, hosting
[info] +  database: rules ready to deploy.
[info] i  hosting: preparing dist directory for upload...
[debug] >>> HTTP REQUEST PUT https://deploy.firebase.com/v1/hosting/marathon-tracker-ea686/uploads/-KRLLH_2KJ-2S7PuLSVY?fileCount=16382&message= 
[debug] Error: connect ENOBUFS 23.251.151.130:443 - Local (undefined:undefined)
    at Object.exports._errnoException (util.js:1026:11)
    at exports._exceptionWithHostPort (util.js:1049:20)
    at connect (net.js:875:16)
    at net.js:1004:7
    at GetAddrInfoReqWrap.asyncCallback [as callback] (dns.js:62:16)
    at GetAddrInfoReqWrap.onlookup [as oncomplete] (dns.js:81:10)
[error] 
[error] Error: Server Error. connect ENOBUFS 23.251.151.130:443 - Local (undefined:undefined)
[debug] ----------------------------------------------------------------------
[debug] Command:      C:\Program Files (x86)\nodejs\node.exe C:\Users\Nils\AppData\Roaming\npm\node_modules\firebase-tools\bin\firebase deploy
[debug] CLI Version:  3.0.7
[debug] Platform:     win32
[debug] Node Version: v6.5.0
[debug] Time:         Sun Sep 11 2016 01:07:09 GMT+0200 (Mitteleurop채ische Sommerzeit)
[debug] ----------------------------------------------------------------------
[debug] 
[debug] > command requires scopes: ["email","openid","https://www.googleapis.com/auth/cloudplatformprojects.readonly","https://www.googleapis.com/auth/firebase"]
[debug] >>> HTTP REQUEST GET https://admin.firebase.com/v1/projects/marathon-tracker-ea686 
[debug] <<< HTTP RESPONSE 200
[debug] >>> HTTP REQUEST GET https://admin.firebase.com/v1/database/marathon-tracker-ea686/tokens 
[debug] <<< HTTP RESPONSE 200
